<?xml version="1.0" encoding="UTF-8"?><testsuite errors="2" failures="1" name="com.bestbuyplayground.categoriesinfo.CategoriesCRUDTestWithSteps" skipped="0" tests="3" time="7.53" timestamp="2022-01-09T16:45:51.242Z[Europe/London]"><testcase classname="com.bestbuyplayground.categoriesinfo.CategoriesCRUDTestWithSteps" name="creating and verify the category data to an application"><failure message="1 expectation failed.&#10;Expected status code &lt;201&gt; but was &lt;400&gt;.&#10;" type="java.lang.AssertionError">1 expectation failed.
Expected status code &lt;201&gt; but was &lt;400&gt;.
</failure><system-err>1 expectation failed.
Expected status code &lt;201&gt; but was &lt;400&gt;.
&#13;
io.restassured.internal.ResponseSpecificationImpl.validateResponseIfRequired(ResponseSpecificationImpl.groovy:636)&#13;
io.restassured.internal.ResponseSpecificationImpl.statusCode(ResponseSpecificationImpl.groovy:122)&#13;
io.restassured.internal.ResponseSpecificationImpl.statusCode(ResponseSpecificationImpl.groovy:130)&#13;
io.restassured.internal.ValidatableResponseOptionsImpl.statusCode(ValidatableResponseOptionsImpl.java:117)&#13;
com.bestbuyplayground.categoriesinfo.CategoriesCRUDTestWithSteps.test001(CategoriesCRUDTestWithSteps.java:34)&#13;
</system-err></testcase><testcase classname="com.bestbuyplayground.categoriesinfo.CategoriesCRUDTestWithSteps" name="Update and verify the data in category application"><error message="parameterValue cannot be null" type="java.lang.IllegalArgumentException">parameterValue cannot be null</error><system-err>parameterValue cannot be null&#13;
io.restassured.internal.assertion.AssertParameter.notNull(AssertParameter.groovy:26)&#13;
io.restassured.internal.RequestSpecificationImpl.pathParameter(RequestSpecificationImpl.groovy:560)&#13;
groovy.lang.MetaMethod.doMethodInvoke(MetaMethod.java:325)&#13;
groovy.lang.MetaClassImpl.invokeMethod(MetaClassImpl.java:1213)&#13;
groovy.lang.MetaClassImpl.invokeMethod(MetaClassImpl.java:1022)&#13;
groovy.lang.MetaClassImpl.invokeMethod(MetaClassImpl.java:810)&#13;
io.restassured.internal.RequestSpecificationImpl.invokeMethod(RequestSpecificationImpl.groovy)&#13;
io.restassured.internal.RequestSpecificationImpl.pathParam(RequestSpecificationImpl.groovy:578)&#13;
net.serenitybdd.rest.decorators.request.RequestSpecificationParametersConfigurations.pathParam(RequestSpecificationParametersConfigurations.java:188)&#13;
net.serenitybdd.rest.decorators.request.RequestSpecificationDecorated.pathParam(RequestSpecificationDecorated.java:27)&#13;
com.bestbuyplayground.categoriesinfo.CategoriesCRUDTestWithSteps.test002(CategoriesCRUDTestWithSteps.java:53)&#13;
</system-err></testcase><testcase classname="com.bestbuyplayground.categoriesinfo.CategoriesCRUDTestWithSteps" name="Deleting and verify the product is deleted"><error message="parameterValue cannot be null" type="java.lang.IllegalArgumentException">parameterValue cannot be null</error><system-err>parameterValue cannot be null&#13;
io.restassured.internal.assertion.AssertParameter.notNull(AssertParameter.groovy:26)&#13;
io.restassured.internal.RequestSpecificationImpl.pathParameter(RequestSpecificationImpl.groovy:560)&#13;
groovy.lang.MetaMethod.doMethodInvoke(MetaMethod.java:325)&#13;
groovy.lang.MetaClassImpl.invokeMethod(MetaClassImpl.java:1213)&#13;
groovy.lang.MetaClassImpl.invokeMethod(MetaClassImpl.java:1022)&#13;
groovy.lang.MetaClassImpl.invokeMethod(MetaClassImpl.java:810)&#13;
io.restassured.internal.RequestSpecificationImpl.invokeMethod(RequestSpecificationImpl.groovy)&#13;
io.restassured.internal.RequestSpecificationImpl.pathParam(RequestSpecificationImpl.groovy:578)&#13;
net.serenitybdd.rest.decorators.request.RequestSpecificationParametersConfigurations.pathParam(RequestSpecificationParametersConfigurations.java:188)&#13;
net.serenitybdd.rest.decorators.request.RequestSpecificationDecorated.pathParam(RequestSpecificationDecorated.java:27)&#13;
com.bestbuyplayground.categoriesinfo.CategoriesCRUDTestWithSteps.test003(CategoriesCRUDTestWithSteps.java:74)&#13;
</system-err></testcase></testsuite>